<?xml version="1.0" encoding="UTF-8"?>
<testsuite xmlns:xsi="http://www.w3.org/2001/XMLSchema-instance" xsi:noNamespaceSchemaLocation="https://maven.apache.org/surefire/maven-surefire-plugin/xsd/surefire-test-report-3.0.xsd" version="3.0" name="TestSuite" time="62.773" tests="1" errors="0" skipped="0" failures="1">
  <properties>
    <property name="sun.desktop" value="windows"/>
    <property name="awt.toolkit" value="sun.awt.windows.WToolkit"/>
    <property name="file.encoding.pkg" value="sun.io"/>
    <property name="java.specification.version" value="1.8"/>
    <property name="webdriver.chrome.driver" value="C:\Users\rjarayht\Cucumber\JenkinsIntegration\src\main\resource\chromedriver.exe"/>
    <property name="sun.cpu.isalist" value="amd64"/>
    <property name="sun.jnu.encoding" value="Cp1252"/>
    <property name="java.class.path" value="C:\Users\rjarayht\Cucumber\JenkinsIntegration\target\test-classes;C:\Users\rjarayht\Cucumber\JenkinsIntegration\target\classes;C:\Users\rjarayht\Cucumber\JenkinsIntegration\.repository\org\testng\testng\6.8.8\testng-6.8.8.jar;C:\Users\rjarayht\Cucumber\JenkinsIntegration\.repository\org\beanshell\bsh\2.0b4\bsh-2.0b4.jar;C:\Users\rjarayht\Cucumber\JenkinsIntegration\.repository\com\beust\jcommander\1.27\jcommander-1.27.jar;C:\Users\rjarayht\Cucumber\JenkinsIntegration\.repository\junit\junit\3.8.1\junit-3.8.1.jar;C:\Users\rjarayht\Cucumber\JenkinsIntegration\.repository\org\seleniumhq\selenium\selenium-java\2.45.0\selenium-java-2.45.0.jar;C:\Users\rjarayht\Cucumber\JenkinsIntegration\.repository\org\seleniumhq\selenium\selenium-htmlunit-driver\2.45.0\selenium-htmlunit-driver-2.45.0.jar;C:\Users\rjarayht\Cucumber\JenkinsIntegration\.repository\net\sourceforge\htmlunit\htmlunit\2.15\htmlunit-2.15.jar;C:\Users\rjarayht\Cucumber\JenkinsIntegration\.repository\xalan\xalan\2.7.1\xalan-2.7.1.jar;C:\Users\rjarayht\Cucumber\JenkinsIntegration\.repository\xalan\serializer\2.7.1\serializer-2.7.1.jar;C:\Users\rjarayht\Cucumber\JenkinsIntegration\.repository\commons-collections\commons-collections\3.2.1\commons-collections-3.2.1.jar;C:\Users\rjarayht\Cucumber\JenkinsIntegration\.repository\org\apache\httpcomponents\httpmime\4.3.3\httpmime-4.3.3.jar;C:\Users\rjarayht\Cucumber\JenkinsIntegration\.repository\net\sourceforge\htmlunit\htmlunit-core-js\2.15\htmlunit-core-js-2.15.jar;C:\Users\rjarayht\Cucumber\JenkinsIntegration\.repository\xerces\xercesImpl\2.11.0\xercesImpl-2.11.0.jar;C:\Users\rjarayht\Cucumber\JenkinsIntegration\.repository\xml-apis\xml-apis\1.4.01\xml-apis-1.4.01.jar;C:\Users\rjarayht\Cucumber\JenkinsIntegration\.repository\net\sourceforge\nekohtml\nekohtml\1.9.21\nekohtml-1.9.21.jar;C:\Users\rjarayht\Cucumber\JenkinsIntegration\.repository\net\sourceforge\cssparser\cssparser\0.9.14\cssparser-0.9.14.jar;C:\Users\rjarayht\Cucumber\JenkinsIntegration\.repository\org\w3c\css\sac\1.3\sac-1.3.jar;C:\Users\rjarayht\Cucumber\JenkinsIntegration\.repository\org\eclipse\jetty\jetty-websocket\8.1.15.v20140411\jetty-websocket-8.1.15.v20140411.jar;C:\Users\rjarayht\Cucumber\JenkinsIntegration\.repository\org\eclipse\jetty\jetty-util\8.1.15.v20140411\jetty-util-8.1.15.v20140411.jar;C:\Users\rjarayht\Cucumber\JenkinsIntegration\.repository\org\eclipse\jetty\jetty-io\8.1.15.v20140411\jetty-io-8.1.15.v20140411.jar;C:\Users\rjarayht\Cucumber\JenkinsIntegration\.repository\org\eclipse\jetty\jetty-http\8.1.15.v20140411\jetty-http-8.1.15.v20140411.jar;C:\Users\rjarayht\Cucumber\JenkinsIntegration\.repository\org\seleniumhq\selenium\selenium-firefox-driver\2.45.0\selenium-firefox-driver-2.45.0.jar;C:\Users\rjarayht\Cucumber\JenkinsIntegration\.repository\org\seleniumhq\selenium\selenium-ie-driver\2.45.0\selenium-ie-driver-2.45.0.jar;C:\Users\rjarayht\Cucumber\JenkinsIntegration\.repository\net\java\dev\jna\jna\3.4.0\jna-3.4.0.jar;C:\Users\rjarayht\Cucumber\JenkinsIntegration\.repository\net\java\dev\jna\platform\3.4.0\platform-3.4.0.jar;C:\Users\rjarayht\Cucumber\JenkinsIntegration\.repository\org\seleniumhq\selenium\selenium-safari-driver\2.45.0\selenium-safari-driver-2.45.0.jar;C:\Users\rjarayht\Cucumber\JenkinsIntegration\.repository\org\webbitserver\webbit\0.4.14\webbit-0.4.14.jar;C:\Users\rjarayht\Cucumber\JenkinsIntegration\.repository\io\netty\netty\3.5.2.Final\netty-3.5.2.Final.jar;C:\Users\rjarayht\Cucumber\JenkinsIntegration\.repository\org\seleniumhq\selenium\selenium-leg-rc\2.45.0\selenium-leg-rc-2.45.0.jar;C:\Users\rjarayht\Cucumber\JenkinsIntegration\.repository\org\seleniumhq\selenium\selenium-support\3.141.59\selenium-support-3.141.59.jar;C:\Users\rjarayht\Cucumber\JenkinsIntegration\.repository\org\seleniumhq\selenium\selenium-api\3.141.59\selenium-api-3.141.59.jar;C:\Users\rjarayht\Cucumber\JenkinsIntegration\.repository\org\seleniumhq\selenium\selenium-remote-driver\3.141.59\selenium-remote-driver-3.141.59.jar;C:\Users\rjarayht\Cucumber\JenkinsIntegration\.repository\net\bytebuddy\byte-buddy\1.8.15\byte-buddy-1.8.15.jar;C:\Users\rjarayht\Cucumber\JenkinsIntegration\.repository\org\apache\commons\commons-exec\1.3\commons-exec-1.3.jar;C:\Users\rjarayht\Cucumber\JenkinsIntegration\.repository\com\google\guava\guava\25.0-jre\guava-25.0-jre.jar;C:\Users\rjarayht\Cucumber\JenkinsIntegration\.repository\com\google\code\findbugs\jsr305\1.3.9\jsr305-1.3.9.jar;C:\Users\rjarayht\Cucumber\JenkinsIntegration\.repository\org\checkerframework\checker-compat-qual\2.0.0\checker-compat-qual-2.0.0.jar;C:\Users\rjarayht\Cucumber\JenkinsIntegration\.repository\com\google\errorprone\error_prone_annotations\2.1.3\error_prone_annotations-2.1.3.jar;C:\Users\rjarayht\Cucumber\JenkinsIntegration\.repository\com\google\j2objc\j2objc-annotations\1.1\j2objc-annotations-1.1.jar;C:\Users\rjarayht\Cucumber\JenkinsIntegration\.repository\org\codehaus\mojo\animal-sniffer-annotations\1.14\animal-sniffer-annotations-1.14.jar;C:\Users\rjarayht\Cucumber\JenkinsIntegration\.repository\com\squareup\okhttp3\okhttp\3.11.0\okhttp-3.11.0.jar;C:\Users\rjarayht\Cucumber\JenkinsIntegration\.repository\com\squareup\okio\okio\1.14.0\okio-1.14.0.jar;C:\Users\rjarayht\Cucumber\JenkinsIntegration\.repository\io\github\bonigarcia\webdrivermanager\3.4.0\webdrivermanager-3.4.0.jar;C:\Users\rjarayht\Cucumber\JenkinsIntegration\.repository\org\slf4j\slf4j-api\1.7.25\slf4j-api-1.7.25.jar;C:\Users\rjarayht\Cucumber\JenkinsIntegration\.repository\commons-io\commons-io\2.6\commons-io-2.6.jar;C:\Users\rjarayht\Cucumber\JenkinsIntegration\.repository\com\google\code\gson\gson\2.8.5\gson-2.8.5.jar;C:\Users\rjarayht\Cucumber\JenkinsIntegration\.repository\org\apache\commons\commons-lang3\3.8.1\commons-lang3-3.8.1.jar;C:\Users\rjarayht\Cucumber\JenkinsIntegration\.repository\org\apache\httpcomponents\httpclient\4.5.6\httpclient-4.5.6.jar;C:\Users\rjarayht\Cucumber\JenkinsIntegration\.repository\org\apache\httpcomponents\httpcore\4.4.10\httpcore-4.4.10.jar;C:\Users\rjarayht\Cucumber\JenkinsIntegration\.repository\commons-logging\commons-logging\1.2\commons-logging-1.2.jar;C:\Users\rjarayht\Cucumber\JenkinsIntegration\.repository\commons-codec\commons-codec\1.10\commons-codec-1.10.jar;C:\Users\rjarayht\Cucumber\JenkinsIntegration\.repository\org\rauschig\jarchivelib\1.0.0\jarchivelib-1.0.0.jar;C:\Users\rjarayht\Cucumber\JenkinsIntegration\.repository\org\apache\commons\commons-compress\1.18\commons-compress-1.18.jar;C:\Users\rjarayht\Cucumber\JenkinsIntegration\.repository\org\jsoup\jsoup\1.11.3\jsoup-1.11.3.jar;C:\Users\rjarayht\Cucumber\JenkinsIntegration\.repository\org\seleniumhq\selenium\selenium-chrome-driver\3.141.59\selenium-chrome-driver-3.141.59.jar;"/>
    <property name="java.vm.vendor" value="Oracle Corporation"/>
    <property name="sun.arch.data.model" value="64"/>
    <property name="user.variant" value=""/>
    <property name="java.vendor.url" value="http://java.oracle.com/"/>
    <property name="user.timezone" value="Asia/Calcutta"/>
    <property name="java.vm.specification.version" value="1.8"/>
    <property name="os.name" value="Windows 10"/>
    <property name="user.country" value="US"/>
    <property name="sun.java.launcher" value="SUN_STANDARD"/>
    <property name="sun.boot.library.path" value="C:\windows\system32\config\systemprofile\AppData\Local\Jenkins.jenkins\tools\hudson.model.JDK\java\jre\bin"/>
    <property name="sun.java.command" value="C:\Windows\Temp\surefire8518730125776888128\surefirebooter3577236718317972763.jar C:\Windows\Temp\surefire8518730125776888128 2020-06-05T17-57-47_394-jvmRun1 surefire2135754945744095207tmp surefire_05695925978111199466tmp"/>
    <property name="surefire.test.class.path" value="C:\Users\rjarayht\Cucumber\JenkinsIntegration\target\test-classes;C:\Users\rjarayht\Cucumber\JenkinsIntegration\target\classes;C:\Users\rjarayht\Cucumber\JenkinsIntegration\.repository\org\testng\testng\6.8.8\testng-6.8.8.jar;C:\Users\rjarayht\Cucumber\JenkinsIntegration\.repository\org\beanshell\bsh\2.0b4\bsh-2.0b4.jar;C:\Users\rjarayht\Cucumber\JenkinsIntegration\.repository\com\beust\jcommander\1.27\jcommander-1.27.jar;C:\Users\rjarayht\Cucumber\JenkinsIntegration\.repository\junit\junit\3.8.1\junit-3.8.1.jar;C:\Users\rjarayht\Cucumber\JenkinsIntegration\.repository\org\seleniumhq\selenium\selenium-java\2.45.0\selenium-java-2.45.0.jar;C:\Users\rjarayht\Cucumber\JenkinsIntegration\.repository\org\seleniumhq\selenium\selenium-htmlunit-driver\2.45.0\selenium-htmlunit-driver-2.45.0.jar;C:\Users\rjarayht\Cucumber\JenkinsIntegration\.repository\net\sourceforge\htmlunit\htmlunit\2.15\htmlunit-2.15.jar;C:\Users\rjarayht\Cucumber\JenkinsIntegration\.repository\xalan\xalan\2.7.1\xalan-2.7.1.jar;C:\Users\rjarayht\Cucumber\JenkinsIntegration\.repository\xalan\serializer\2.7.1\serializer-2.7.1.jar;C:\Users\rjarayht\Cucumber\JenkinsIntegration\.repository\commons-collections\commons-collections\3.2.1\commons-collections-3.2.1.jar;C:\Users\rjarayht\Cucumber\JenkinsIntegration\.repository\org\apache\httpcomponents\httpmime\4.3.3\httpmime-4.3.3.jar;C:\Users\rjarayht\Cucumber\JenkinsIntegration\.repository\net\sourceforge\htmlunit\htmlunit-core-js\2.15\htmlunit-core-js-2.15.jar;C:\Users\rjarayht\Cucumber\JenkinsIntegration\.repository\xerces\xercesImpl\2.11.0\xercesImpl-2.11.0.jar;C:\Users\rjarayht\Cucumber\JenkinsIntegration\.repository\xml-apis\xml-apis\1.4.01\xml-apis-1.4.01.jar;C:\Users\rjarayht\Cucumber\JenkinsIntegration\.repository\net\sourceforge\nekohtml\nekohtml\1.9.21\nekohtml-1.9.21.jar;C:\Users\rjarayht\Cucumber\JenkinsIntegration\.repository\net\sourceforge\cssparser\cssparser\0.9.14\cssparser-0.9.14.jar;C:\Users\rjarayht\Cucumber\JenkinsIntegration\.repository\org\w3c\css\sac\1.3\sac-1.3.jar;C:\Users\rjarayht\Cucumber\JenkinsIntegration\.repository\org\eclipse\jetty\jetty-websocket\8.1.15.v20140411\jetty-websocket-8.1.15.v20140411.jar;C:\Users\rjarayht\Cucumber\JenkinsIntegration\.repository\org\eclipse\jetty\jetty-util\8.1.15.v20140411\jetty-util-8.1.15.v20140411.jar;C:\Users\rjarayht\Cucumber\JenkinsIntegration\.repository\org\eclipse\jetty\jetty-io\8.1.15.v20140411\jetty-io-8.1.15.v20140411.jar;C:\Users\rjarayht\Cucumber\JenkinsIntegration\.repository\org\eclipse\jetty\jetty-http\8.1.15.v20140411\jetty-http-8.1.15.v20140411.jar;C:\Users\rjarayht\Cucumber\JenkinsIntegration\.repository\org\seleniumhq\selenium\selenium-firefox-driver\2.45.0\selenium-firefox-driver-2.45.0.jar;C:\Users\rjarayht\Cucumber\JenkinsIntegration\.repository\org\seleniumhq\selenium\selenium-ie-driver\2.45.0\selenium-ie-driver-2.45.0.jar;C:\Users\rjarayht\Cucumber\JenkinsIntegration\.repository\net\java\dev\jna\jna\3.4.0\jna-3.4.0.jar;C:\Users\rjarayht\Cucumber\JenkinsIntegration\.repository\net\java\dev\jna\platform\3.4.0\platform-3.4.0.jar;C:\Users\rjarayht\Cucumber\JenkinsIntegration\.repository\org\seleniumhq\selenium\selenium-safari-driver\2.45.0\selenium-safari-driver-2.45.0.jar;C:\Users\rjarayht\Cucumber\JenkinsIntegration\.repository\org\webbitserver\webbit\0.4.14\webbit-0.4.14.jar;C:\Users\rjarayht\Cucumber\JenkinsIntegration\.repository\io\netty\netty\3.5.2.Final\netty-3.5.2.Final.jar;C:\Users\rjarayht\Cucumber\JenkinsIntegration\.repository\org\seleniumhq\selenium\selenium-leg-rc\2.45.0\selenium-leg-rc-2.45.0.jar;C:\Users\rjarayht\Cucumber\JenkinsIntegration\.repository\org\seleniumhq\selenium\selenium-support\3.141.59\selenium-support-3.141.59.jar;C:\Users\rjarayht\Cucumber\JenkinsIntegration\.repository\org\seleniumhq\selenium\selenium-api\3.141.59\selenium-api-3.141.59.jar;C:\Users\rjarayht\Cucumber\JenkinsIntegration\.repository\org\seleniumhq\selenium\selenium-remote-driver\3.141.59\selenium-remote-driver-3.141.59.jar;C:\Users\rjarayht\Cucumber\JenkinsIntegration\.repository\net\bytebuddy\byte-buddy\1.8.15\byte-buddy-1.8.15.jar;C:\Users\rjarayht\Cucumber\JenkinsIntegration\.repository\org\apache\commons\commons-exec\1.3\commons-exec-1.3.jar;C:\Users\rjarayht\Cucumber\JenkinsIntegration\.repository\com\google\guava\guava\25.0-jre\guava-25.0-jre.jar;C:\Users\rjarayht\Cucumber\JenkinsIntegration\.repository\com\google\code\findbugs\jsr305\1.3.9\jsr305-1.3.9.jar;C:\Users\rjarayht\Cucumber\JenkinsIntegration\.repository\org\checkerframework\checker-compat-qual\2.0.0\checker-compat-qual-2.0.0.jar;C:\Users\rjarayht\Cucumber\JenkinsIntegration\.repository\com\google\errorprone\error_prone_annotations\2.1.3\error_prone_annotations-2.1.3.jar;C:\Users\rjarayht\Cucumber\JenkinsIntegration\.repository\com\google\j2objc\j2objc-annotations\1.1\j2objc-annotations-1.1.jar;C:\Users\rjarayht\Cucumber\JenkinsIntegration\.repository\org\codehaus\mojo\animal-sniffer-annotations\1.14\animal-sniffer-annotations-1.14.jar;C:\Users\rjarayht\Cucumber\JenkinsIntegration\.repository\com\squareup\okhttp3\okhttp\3.11.0\okhttp-3.11.0.jar;C:\Users\rjarayht\Cucumber\JenkinsIntegration\.repository\com\squareup\okio\okio\1.14.0\okio-1.14.0.jar;C:\Users\rjarayht\Cucumber\JenkinsIntegration\.repository\io\github\bonigarcia\webdrivermanager\3.4.0\webdrivermanager-3.4.0.jar;C:\Users\rjarayht\Cucumber\JenkinsIntegration\.repository\org\slf4j\slf4j-api\1.7.25\slf4j-api-1.7.25.jar;C:\Users\rjarayht\Cucumber\JenkinsIntegration\.repository\commons-io\commons-io\2.6\commons-io-2.6.jar;C:\Users\rjarayht\Cucumber\JenkinsIntegration\.repository\com\google\code\gson\gson\2.8.5\gson-2.8.5.jar;C:\Users\rjarayht\Cucumber\JenkinsIntegration\.repository\org\apache\commons\commons-lang3\3.8.1\commons-lang3-3.8.1.jar;C:\Users\rjarayht\Cucumber\JenkinsIntegration\.repository\org\apache\httpcomponents\httpclient\4.5.6\httpclient-4.5.6.jar;C:\Users\rjarayht\Cucumber\JenkinsIntegration\.repository\org\apache\httpcomponents\httpcore\4.4.10\httpcore-4.4.10.jar;C:\Users\rjarayht\Cucumber\JenkinsIntegration\.repository\commons-logging\commons-logging\1.2\commons-logging-1.2.jar;C:\Users\rjarayht\Cucumber\JenkinsIntegration\.repository\commons-codec\commons-codec\1.10\commons-codec-1.10.jar;C:\Users\rjarayht\Cucumber\JenkinsIntegration\.repository\org\rauschig\jarchivelib\1.0.0\jarchivelib-1.0.0.jar;C:\Users\rjarayht\Cucumber\JenkinsIntegration\.repository\org\apache\commons\commons-compress\1.18\commons-compress-1.18.jar;C:\Users\rjarayht\Cucumber\JenkinsIntegration\.repository\org\jsoup\jsoup\1.11.3\jsoup-1.11.3.jar;C:\Users\rjarayht\Cucumber\JenkinsIntegration\.repository\org\seleniumhq\selenium\selenium-chrome-driver\3.141.59\selenium-chrome-driver-3.141.59.jar;"/>
    <property name="sun.cpu.endian" value="little"/>
    <property name="user.home" value="C:\windows\system32\config\systemprofile"/>
    <property name="user.language" value="en"/>
    <property name="java.specification.vendor" value="Oracle Corporation"/>
    <property name="java.home" value="C:\windows\system32\config\systemprofile\AppData\Local\Jenkins.jenkins\tools\hudson.model.JDK\java\jre"/>
    <property name="basedir" value="C:\Users\rjarayht\Cucumber\JenkinsIntegration"/>
    <property name="file.separator" value="\"/>
    <property name="line.separator" value="&#10;"/>
    <property name="java.vm.specification.vendor" value="Oracle Corporation"/>
    <property name="java.specification.name" value="Java Platform API Specification"/>
    <property name="java.awt.graphicsenv" value="sun.awt.Win32GraphicsEnvironment"/>
    <property name="surefire.real.class.path" value="C:\Windows\Temp\surefire8518730125776888128\surefirebooter3577236718317972763.jar"/>
    <property name="sun.boot.class.path" value="C:\windows\system32\config\systemprofile\AppData\Local\Jenkins.jenkins\tools\hudson.model.JDK\java\jre\lib\resources.jar;C:\windows\system32\config\systemprofile\AppData\Local\Jenkins.jenkins\tools\hudson.model.JDK\java\jre\lib\rt.jar;C:\windows\system32\config\systemprofile\AppData\Local\Jenkins.jenkins\tools\hudson.model.JDK\java\jre\lib\sunrsasign.jar;C:\windows\system32\config\systemprofile\AppData\Local\Jenkins.jenkins\tools\hudson.model.JDK\java\jre\lib\jsse.jar;C:\windows\system32\config\systemprofile\AppData\Local\Jenkins.jenkins\tools\hudson.model.JDK\java\jre\lib\jce.jar;C:\windows\system32\config\systemprofile\AppData\Local\Jenkins.jenkins\tools\hudson.model.JDK\java\jre\lib\charsets.jar;C:\windows\system32\config\systemprofile\AppData\Local\Jenkins.jenkins\tools\hudson.model.JDK\java\jre\lib\jfr.jar;C:\windows\system32\config\systemprofile\AppData\Local\Jenkins.jenkins\tools\hudson.model.JDK\java\jre\classes"/>
    <property name="user.script" value=""/>
    <property name="sun.management.compiler" value="HotSpot 64-Bit Tiered Compilers"/>
    <property name="java.runtime.version" value="1.8.0_221-b11"/>
    <property name="user.name" value="FNFILPT302$"/>
    <property name="path.separator" value=";"/>
    <property name="os.version" value="10.0"/>
    <property name="java.endorsed.dirs" value="C:\windows\system32\config\systemprofile\AppData\Local\Jenkins.jenkins\tools\hudson.model.JDK\java\jre\lib\endorsed"/>
    <property name="java.runtime.name" value="Java(TM) SE Runtime Environment"/>
    <property name="file.encoding" value="Cp1252"/>
    <property name="java.vm.name" value="Java HotSpot(TM) 64-Bit Server VM"/>
    <property name="localRepository" value="C:\Users\rjarayht\Cucumber\JenkinsIntegration\.repository"/>
    <property name="java.vendor.url.bug" value="http://bugreport.sun.com/bugreport/"/>
    <property name="java.io.tmpdir" value="C:\windows\TEMP\"/>
    <property name="java.version" value="1.8.0_221"/>
    <property name="user.dir" value="C:\Users\rjarayht\Cucumber\JenkinsIntegration"/>
    <property name="os.arch" value="amd64"/>
    <property name="java.vm.specification.name" value="Java Virtual Machine Specification"/>
    <property name="java.awt.printerjob" value="sun.awt.windows.WPrinterJob"/>
    <property name="sun.os.patch.level" value=""/>
    <property name="java.library.path" value="C:\windows\system32\config\systemprofile\AppData\Local\Jenkins.jenkins\tools\hudson.model.JDK\java\jre\bin;C:\windows\Sun\Java\bin;C:\windows\system32;C:\windows;C:\Program Files\Maven\apache-maven-3.6.3/bin;C:\windows\system32\config\systemprofile\AppData\Local\Jenkins.jenkins\tools\hudson.model.JDK\java/bin;C:\windows\system32\config\systemprofile\AppData\Local\Jenkins.jenkins\tools\hudson.model.JDK\java/bin;C:\windows\system32;C:\windows;C:\windows\System32\Wbem;C:\windows\System32\WindowsPowerShell\v1.0\;C:\windows\System32\OpenSSH\;%M2_HOME%\bin;%JAVA_HOME%\bin;C:\Program Files\Java\jdk1.8.0_251\jre\bin;C:\windows\system32\config\systemprofile\AppData\Local\Microsoft\WindowsApps;."/>
    <property name="java.vm.info" value="mixed mode"/>
    <property name="java.vendor" value="Oracle Corporation"/>
    <property name="java.vm.version" value="25.221-b11"/>
    <property name="java.ext.dirs" value="C:\windows\system32\config\systemprofile\AppData\Local\Jenkins.jenkins\tools\hudson.model.JDK\java\jre\lib\ext;C:\windows\Sun\Java\lib\ext"/>
    <property name="sun.io.unicode.encoding" value="UnicodeLittle"/>
    <property name="maven.repo.local" value="C:\Users\rjarayht\Cucumber\JenkinsIntegration\.repository"/>
    <property name="java.class.version" value="52.0"/>
  </properties>
  <testcase name="myTestExample1" classname="test.java.sample.myTest" time="62.114">
    <failure message="element not interactable&#10;  (Session info: chrome=83.0.4103.97)&#10;Build info: version: &apos;3.141.59&apos;, revision: &apos;e82be7d358&apos;, time: &apos;2018-11-14T08:17:03&apos;&#10;System info: host: &apos;FNFILPT302&apos;, ip: &apos;10.230.22.105&apos;, os.name: &apos;Windows 10&apos;, os.arch: &apos;amd64&apos;, os.version: &apos;10.0&apos;, java.version: &apos;1.8.0_221&apos;&#10;Driver info: org.openqa.selenium.chrome.ChromeDriver&#10;Capabilities {acceptInsecureCerts: false, browserName: chrome, browserVersion: 83.0.4103.97, chrome: {chromedriverVersion: 83.0.4103.39 (ccbf011cb2d2b..., userDataDir: C:\windows\TEMP\scoped_dir1...}, goog:chromeOptions: {debuggerAddress: localhost:54975}, javascriptEnabled: true, networkConnectionEnabled: false, pageLoadStrategy: normal, platform: WINDOWS, platformName: WINDOWS, proxy: Proxy(), setWindowRect: true, strictFileInteractability: false, timeouts: {implicit: 0, pageLoad: 300000, script: 30000}, unhandledPromptBehavior: dismiss and notify, webauthn:virtualAuthenticators: true}&#10;Session ID: 86aef6aae636d0b98fc6ab2919ed21df" type="org.openqa.selenium.ElementNotInteractableException"><![CDATA[org.openqa.selenium.ElementNotInteractableException: 
element not interactable
  (Session info: chrome=83.0.4103.97)
Build info: version: '3.141.59', revision: 'e82be7d358', time: '2018-11-14T08:17:03'
System info: host: 'FNFILPT302', ip: '10.230.22.105', os.name: 'Windows 10', os.arch: 'amd64', os.version: '10.0', java.version: '1.8.0_221'
Driver info: org.openqa.selenium.chrome.ChromeDriver
Capabilities {acceptInsecureCerts: false, browserName: chrome, browserVersion: 83.0.4103.97, chrome: {chromedriverVersion: 83.0.4103.39 (ccbf011cb2d2b..., userDataDir: C:\windows\TEMP\scoped_dir1...}, goog:chromeOptions: {debuggerAddress: localhost:54975}, javascriptEnabled: true, networkConnectionEnabled: false, pageLoadStrategy: normal, platform: WINDOWS, platformName: WINDOWS, proxy: Proxy(), setWindowRect: true, strictFileInteractability: false, timeouts: {implicit: 0, pageLoad: 300000, script: 30000}, unhandledPromptBehavior: dismiss and notify, webauthn:virtualAuthenticators: true}
Session ID: 86aef6aae636d0b98fc6ab2919ed21df
	at test.java.sample.myTest.myTestExample1(myTest.java:24)
]]></failure>
    <system-err><![CDATA[Starting ChromeDriver 83.0.4103.39 (ccbf011cb2d2b19b506d844400483861342c20cd-refs/branch-heads/4103@{#416}) on port 39555
Only local connections are allowed.
Please see https://chromedriver.chromium.org/security-considerations for suggestions on keeping ChromeDriver safe.
ChromeDriver was started successfully.
Jun 05, 2020 5:57:52 PM org.openqa.selenium.remote.ProtocolHandshake createSession
INFO: Detected dialect: W3C
]]></system-err>
  </testcase>
</testsuite>