<?xml version="1.0" encoding="UTF-8"?>
<!-- Generated by org.testng.reporters.JUnitReportReporter -->
<testsuite hostname="FNFILPT302" name="test.java.sample.myTest" tests="1" failures="0" timestamp="5 Jun 2020 08:05:01 GMT" time="19.182" errors="0">
  <testcase name="myTestExample1" time="19.182" classname="test.java.sample.myTest"/>
</testsuite> <!-- test.java.sample.myTest -->
